[2023-11-16T19:51:55.636+0000] {processor.py:157} INFO - Started process (PID=4115) to work on /home/ubuntu/airflow_slack_venv/lib/python3.10/site-packages/airflow/example_dags/example_local_kubernetes_executor.py
[2023-11-16T19:51:55.636+0000] {processor.py:829} INFO - Processing file /home/ubuntu/airflow_slack_venv/lib/python3.10/site-packages/airflow/example_dags/example_local_kubernetes_executor.py for tasks to queue
[2023-11-16T19:51:55.637+0000] {logging_mixin.py:154} INFO - [2023-11-16T19:51:55.637+0000] {dagbag.py:536} INFO - Filling up the DagBag from /home/ubuntu/airflow_slack_venv/lib/python3.10/site-packages/airflow/example_dags/example_local_kubernetes_executor.py
[2023-11-16T19:51:55.641+0000] {logging_mixin.py:154} INFO - [2023-11-16T19:51:55.640+0000] {example_local_kubernetes_executor.py:39} WARNING - Could not import DAGs in example_local_kubernetes_executor.py
Traceback (most recent call last):
  File "/home/ubuntu/airflow_slack_venv/lib/python3.10/site-packages/airflow/example_dags/example_local_kubernetes_executor.py", line 37, in <module>
    from kubernetes.client import models as k8s
ModuleNotFoundError: No module named 'kubernetes'
[2023-11-16T19:51:55.641+0000] {logging_mixin.py:154} INFO - [2023-11-16T19:51:55.641+0000] {example_local_kubernetes_executor.py:40} WARNING - Install Kubernetes dependencies with: pip install apache-airflow[cncf.kubernetes]
[2023-11-16T19:51:55.642+0000] {processor.py:841} WARNING - No viable dags retrieved from /home/ubuntu/airflow_slack_venv/lib/python3.10/site-packages/airflow/example_dags/example_local_kubernetes_executor.py
[2023-11-16T19:51:55.652+0000] {processor.py:179} INFO - Processing /home/ubuntu/airflow_slack_venv/lib/python3.10/site-packages/airflow/example_dags/example_local_kubernetes_executor.py took 0.020 seconds
[2023-11-16T19:52:43.140+0000] {processor.py:157} INFO - Started process (PID=4164) to work on /home/ubuntu/airflow_slack_venv/lib/python3.10/site-packages/airflow/example_dags/example_local_kubernetes_executor.py
[2023-11-16T19:52:43.142+0000] {processor.py:829} INFO - Processing file /home/ubuntu/airflow_slack_venv/lib/python3.10/site-packages/airflow/example_dags/example_local_kubernetes_executor.py for tasks to queue
[2023-11-16T19:52:43.142+0000] {logging_mixin.py:154} INFO - [2023-11-16T19:52:43.142+0000] {dagbag.py:536} INFO - Filling up the DagBag from /home/ubuntu/airflow_slack_venv/lib/python3.10/site-packages/airflow/example_dags/example_local_kubernetes_executor.py
[2023-11-16T19:52:43.146+0000] {logging_mixin.py:154} INFO - [2023-11-16T19:52:43.146+0000] {example_local_kubernetes_executor.py:39} WARNING - Could not import DAGs in example_local_kubernetes_executor.py
Traceback (most recent call last):
  File "/home/ubuntu/airflow_slack_venv/lib/python3.10/site-packages/airflow/example_dags/example_local_kubernetes_executor.py", line 37, in <module>
    from kubernetes.client import models as k8s
ModuleNotFoundError: No module named 'kubernetes'
[2023-11-16T19:52:43.147+0000] {logging_mixin.py:154} INFO - [2023-11-16T19:52:43.146+0000] {example_local_kubernetes_executor.py:40} WARNING - Install Kubernetes dependencies with: pip install apache-airflow[cncf.kubernetes]
[2023-11-16T19:52:43.147+0000] {processor.py:841} WARNING - No viable dags retrieved from /home/ubuntu/airflow_slack_venv/lib/python3.10/site-packages/airflow/example_dags/example_local_kubernetes_executor.py
[2023-11-16T19:52:43.157+0000] {processor.py:179} INFO - Processing /home/ubuntu/airflow_slack_venv/lib/python3.10/site-packages/airflow/example_dags/example_local_kubernetes_executor.py took 0.020 seconds
