[2023-11-16T19:51:54.094+0000] {processor.py:157} INFO - Started process (PID=4114) to work on /home/ubuntu/airflow_slack_venv/lib/python3.10/site-packages/airflow/example_dags/example_datasets.py
[2023-11-16T19:51:54.095+0000] {processor.py:829} INFO - Processing file /home/ubuntu/airflow_slack_venv/lib/python3.10/site-packages/airflow/example_dags/example_datasets.py for tasks to queue
[2023-11-16T19:51:54.096+0000] {logging_mixin.py:154} INFO - [2023-11-16T19:51:54.096+0000] {dagbag.py:536} INFO - Filling up the DagBag from /home/ubuntu/airflow_slack_venv/lib/python3.10/site-packages/airflow/example_dags/example_datasets.py
[2023-11-16T19:51:54.107+0000] {processor.py:839} INFO - DAG(s) dict_keys(['dataset_consumes_unknown_never_scheduled', 'dataset_consumes_1_never_scheduled', 'dataset_produces_2', 'dataset_produces_1', 'dataset_consumes_1_and_2', 'dataset_consumes_1']) retrieved from /home/ubuntu/airflow_slack_venv/lib/python3.10/site-packages/airflow/example_dags/example_datasets.py
[2023-11-16T19:51:54.217+0000] {logging_mixin.py:154} INFO - [2023-11-16T19:51:54.217+0000] {manager.py:499} INFO - Created Permission View: %s
[2023-11-16T19:51:54.231+0000] {logging_mixin.py:154} INFO - [2023-11-16T19:51:54.230+0000] {manager.py:499} INFO - Created Permission View: %s
[2023-11-16T19:51:54.241+0000] {logging_mixin.py:154} INFO - [2023-11-16T19:51:54.241+0000] {manager.py:499} INFO - Created Permission View: %s
[2023-11-16T19:51:54.264+0000] {logging_mixin.py:154} INFO - [2023-11-16T19:51:54.264+0000] {manager.py:499} INFO - Created Permission View: %s
[2023-11-16T19:51:54.275+0000] {logging_mixin.py:154} INFO - [2023-11-16T19:51:54.275+0000] {manager.py:499} INFO - Created Permission View: %s
[2023-11-16T19:51:54.286+0000] {logging_mixin.py:154} INFO - [2023-11-16T19:51:54.285+0000] {manager.py:499} INFO - Created Permission View: %s
[2023-11-16T19:51:54.305+0000] {logging_mixin.py:154} INFO - [2023-11-16T19:51:54.305+0000] {manager.py:499} INFO - Created Permission View: %s
[2023-11-16T19:51:54.315+0000] {logging_mixin.py:154} INFO - [2023-11-16T19:51:54.315+0000] {manager.py:499} INFO - Created Permission View: %s
[2023-11-16T19:51:54.325+0000] {logging_mixin.py:154} INFO - [2023-11-16T19:51:54.325+0000] {manager.py:499} INFO - Created Permission View: %s
[2023-11-16T19:51:54.355+0000] {logging_mixin.py:154} INFO - [2023-11-16T19:51:54.355+0000] {manager.py:499} INFO - Created Permission View: %s
[2023-11-16T19:51:54.365+0000] {logging_mixin.py:154} INFO - [2023-11-16T19:51:54.365+0000] {manager.py:499} INFO - Created Permission View: %s
[2023-11-16T19:51:54.375+0000] {logging_mixin.py:154} INFO - [2023-11-16T19:51:54.374+0000] {manager.py:499} INFO - Created Permission View: %s
[2023-11-16T19:51:54.394+0000] {logging_mixin.py:154} INFO - [2023-11-16T19:51:54.394+0000] {manager.py:499} INFO - Created Permission View: %s
[2023-11-16T19:51:54.405+0000] {logging_mixin.py:154} INFO - [2023-11-16T19:51:54.405+0000] {manager.py:499} INFO - Created Permission View: %s
[2023-11-16T19:51:54.415+0000] {logging_mixin.py:154} INFO - [2023-11-16T19:51:54.415+0000] {manager.py:499} INFO - Created Permission View: %s
[2023-11-16T19:51:54.437+0000] {logging_mixin.py:154} INFO - [2023-11-16T19:51:54.437+0000] {manager.py:499} INFO - Created Permission View: %s
[2023-11-16T19:51:54.447+0000] {logging_mixin.py:154} INFO - [2023-11-16T19:51:54.447+0000] {manager.py:499} INFO - Created Permission View: %s
[2023-11-16T19:51:54.457+0000] {logging_mixin.py:154} INFO - [2023-11-16T19:51:54.457+0000] {manager.py:499} INFO - Created Permission View: %s
[2023-11-16T19:51:54.457+0000] {logging_mixin.py:154} INFO - [2023-11-16T19:51:54.457+0000] {dag.py:2941} INFO - Sync 6 DAGs
[2023-11-16T19:51:54.470+0000] {logging_mixin.py:154} INFO - [2023-11-16T19:51:54.470+0000] {dag.py:2963} INFO - Creating ORM DAG for dataset_consumes_1_and_2
[2023-11-16T19:51:54.471+0000] {logging_mixin.py:154} INFO - [2023-11-16T19:51:54.470+0000] {dag.py:2963} INFO - Creating ORM DAG for dataset_consumes_1
[2023-11-16T19:51:54.471+0000] {logging_mixin.py:154} INFO - [2023-11-16T19:51:54.471+0000] {dag.py:2963} INFO - Creating ORM DAG for dataset_produces_2
[2023-11-16T19:51:54.472+0000] {logging_mixin.py:154} INFO - [2023-11-16T19:51:54.471+0000] {dag.py:2963} INFO - Creating ORM DAG for dataset_consumes_1_never_scheduled
[2023-11-16T19:51:54.472+0000] {logging_mixin.py:154} INFO - [2023-11-16T19:51:54.472+0000] {dag.py:2963} INFO - Creating ORM DAG for dataset_produces_1
[2023-11-16T19:51:54.472+0000] {logging_mixin.py:154} INFO - [2023-11-16T19:51:54.472+0000] {dag.py:2963} INFO - Creating ORM DAG for dataset_consumes_unknown_never_scheduled
[2023-11-16T19:51:54.482+0000] {logging_mixin.py:154} INFO - [2023-11-16T19:51:54.482+0000] {dag.py:3722} INFO - Setting next_dagrun for dataset_consumes_1 to None, run_after=None
[2023-11-16T19:51:54.483+0000] {logging_mixin.py:154} INFO - [2023-11-16T19:51:54.483+0000] {dag.py:3722} INFO - Setting next_dagrun for dataset_consumes_1_and_2 to None, run_after=None
[2023-11-16T19:51:54.483+0000] {logging_mixin.py:154} INFO - [2023-11-16T19:51:54.483+0000] {dag.py:3722} INFO - Setting next_dagrun for dataset_consumes_1_never_scheduled to None, run_after=None
[2023-11-16T19:51:54.484+0000] {logging_mixin.py:154} INFO - [2023-11-16T19:51:54.484+0000] {dag.py:3722} INFO - Setting next_dagrun for dataset_consumes_unknown_never_scheduled to None, run_after=None
[2023-11-16T19:51:54.486+0000] {logging_mixin.py:154} INFO - [2023-11-16T19:51:54.486+0000] {dag.py:3722} INFO - Setting next_dagrun for dataset_produces_1 to 2023-11-15T00:00:00+00:00, run_after=2023-11-16T00:00:00+00:00
[2023-11-16T19:51:54.487+0000] {logging_mixin.py:154} INFO - [2023-11-16T19:51:54.487+0000] {dag.py:3722} INFO - Setting next_dagrun for dataset_produces_2 to None, run_after=None
[2023-11-16T19:51:54.524+0000] {processor.py:179} INFO - Processing /home/ubuntu/airflow_slack_venv/lib/python3.10/site-packages/airflow/example_dags/example_datasets.py took 0.433 seconds
[2023-11-16T19:52:41.900+0000] {processor.py:157} INFO - Started process (PID=4163) to work on /home/ubuntu/airflow_slack_venv/lib/python3.10/site-packages/airflow/example_dags/example_datasets.py
[2023-11-16T19:52:41.902+0000] {processor.py:829} INFO - Processing file /home/ubuntu/airflow_slack_venv/lib/python3.10/site-packages/airflow/example_dags/example_datasets.py for tasks to queue
[2023-11-16T19:52:41.902+0000] {logging_mixin.py:154} INFO - [2023-11-16T19:52:41.902+0000] {dagbag.py:536} INFO - Filling up the DagBag from /home/ubuntu/airflow_slack_venv/lib/python3.10/site-packages/airflow/example_dags/example_datasets.py
[2023-11-16T19:52:41.913+0000] {processor.py:839} INFO - DAG(s) dict_keys(['dataset_consumes_1_and_2', 'dataset_produces_1', 'dataset_produces_2', 'dataset_consumes_1_never_scheduled', 'dataset_consumes_unknown_never_scheduled', 'dataset_consumes_1']) retrieved from /home/ubuntu/airflow_slack_venv/lib/python3.10/site-packages/airflow/example_dags/example_datasets.py
[2023-11-16T19:52:41.943+0000] {logging_mixin.py:154} INFO - [2023-11-16T19:52:41.942+0000] {dag.py:2941} INFO - Sync 6 DAGs
[2023-11-16T19:52:41.964+0000] {logging_mixin.py:154} INFO - [2023-11-16T19:52:41.964+0000] {dag.py:3722} INFO - Setting next_dagrun for dataset_consumes_1 to None, run_after=None
[2023-11-16T19:52:41.967+0000] {logging_mixin.py:154} INFO - [2023-11-16T19:52:41.967+0000] {dag.py:3722} INFO - Setting next_dagrun for dataset_consumes_1_and_2 to None, run_after=None
[2023-11-16T19:52:41.968+0000] {logging_mixin.py:154} INFO - [2023-11-16T19:52:41.968+0000] {dag.py:3722} INFO - Setting next_dagrun for dataset_consumes_1_never_scheduled to None, run_after=None
[2023-11-16T19:52:41.969+0000] {logging_mixin.py:154} INFO - [2023-11-16T19:52:41.969+0000] {dag.py:3722} INFO - Setting next_dagrun for dataset_consumes_unknown_never_scheduled to None, run_after=None
[2023-11-16T19:52:41.972+0000] {logging_mixin.py:154} INFO - [2023-11-16T19:52:41.972+0000] {dag.py:3722} INFO - Setting next_dagrun for dataset_produces_1 to 2023-11-15T00:00:00+00:00, run_after=2023-11-16T00:00:00+00:00
[2023-11-16T19:52:41.973+0000] {logging_mixin.py:154} INFO - [2023-11-16T19:52:41.973+0000] {dag.py:3722} INFO - Setting next_dagrun for dataset_produces_2 to None, run_after=None
[2023-11-16T19:52:42.003+0000] {processor.py:179} INFO - Processing /home/ubuntu/airflow_slack_venv/lib/python3.10/site-packages/airflow/example_dags/example_datasets.py took 0.106 seconds
