[2023-11-16T19:51:19.027+0000] {processor.py:157} INFO - Started process (PID=4078) to work on /home/ubuntu/airflow_slack_venv/lib/python3.10/site-packages/airflow/example_dags/example_xcomargs.py
[2023-11-16T19:51:19.028+0000] {processor.py:829} INFO - Processing file /home/ubuntu/airflow_slack_venv/lib/python3.10/site-packages/airflow/example_dags/example_xcomargs.py for tasks to queue
[2023-11-16T19:51:19.029+0000] {logging_mixin.py:154} INFO - [2023-11-16T19:51:19.029+0000] {dagbag.py:536} INFO - Filling up the DagBag from /home/ubuntu/airflow_slack_venv/lib/python3.10/site-packages/airflow/example_dags/example_xcomargs.py
[2023-11-16T19:51:19.042+0000] {processor.py:839} INFO - DAG(s) dict_keys(['example_xcom_args_with_operators', 'example_xcom_args']) retrieved from /home/ubuntu/airflow_slack_venv/lib/python3.10/site-packages/airflow/example_dags/example_xcomargs.py
[2023-11-16T19:51:19.188+0000] {logging_mixin.py:154} INFO - [2023-11-16T19:51:19.187+0000] {manager.py:499} INFO - Created Permission View: %s
[2023-11-16T19:51:19.223+0000] {logging_mixin.py:154} INFO - [2023-11-16T19:51:19.222+0000] {manager.py:499} INFO - Created Permission View: %s
[2023-11-16T19:51:19.233+0000] {logging_mixin.py:154} INFO - [2023-11-16T19:51:19.232+0000] {manager.py:499} INFO - Created Permission View: %s
[2023-11-16T19:51:19.267+0000] {logging_mixin.py:154} INFO - [2023-11-16T19:51:19.267+0000] {manager.py:499} INFO - Created Permission View: %s
[2023-11-16T19:51:19.277+0000] {logging_mixin.py:154} INFO - [2023-11-16T19:51:19.277+0000] {manager.py:499} INFO - Created Permission View: %s
[2023-11-16T19:51:19.288+0000] {logging_mixin.py:154} INFO - [2023-11-16T19:51:19.287+0000] {manager.py:499} INFO - Created Permission View: %s
[2023-11-16T19:51:19.288+0000] {logging_mixin.py:154} INFO - [2023-11-16T19:51:19.288+0000] {dag.py:2941} INFO - Sync 2 DAGs
[2023-11-16T19:51:19.302+0000] {logging_mixin.py:154} INFO - [2023-11-16T19:51:19.302+0000] {dag.py:2963} INFO - Creating ORM DAG for example_xcom_args
[2023-11-16T19:51:19.303+0000] {logging_mixin.py:154} INFO - [2023-11-16T19:51:19.303+0000] {dag.py:2963} INFO - Creating ORM DAG for example_xcom_args_with_operators
[2023-11-16T19:51:19.303+0000] {logging_mixin.py:154} INFO - [2023-11-16T19:51:19.303+0000] {dag.py:3722} INFO - Setting next_dagrun for example_xcom_args to None, run_after=None
[2023-11-16T19:51:19.304+0000] {logging_mixin.py:154} INFO - [2023-11-16T19:51:19.304+0000] {dag.py:3722} INFO - Setting next_dagrun for example_xcom_args_with_operators to None, run_after=None
[2023-11-16T19:51:19.330+0000] {processor.py:179} INFO - Processing /home/ubuntu/airflow_slack_venv/lib/python3.10/site-packages/airflow/example_dags/example_xcomargs.py took 0.306 seconds
[2023-11-16T19:52:11.010+0000] {processor.py:157} INFO - Started process (PID=4130) to work on /home/ubuntu/airflow_slack_venv/lib/python3.10/site-packages/airflow/example_dags/example_xcomargs.py
[2023-11-16T19:52:11.011+0000] {processor.py:829} INFO - Processing file /home/ubuntu/airflow_slack_venv/lib/python3.10/site-packages/airflow/example_dags/example_xcomargs.py for tasks to queue
[2023-11-16T19:52:11.012+0000] {logging_mixin.py:154} INFO - [2023-11-16T19:52:11.012+0000] {dagbag.py:536} INFO - Filling up the DagBag from /home/ubuntu/airflow_slack_venv/lib/python3.10/site-packages/airflow/example_dags/example_xcomargs.py
[2023-11-16T19:52:11.022+0000] {processor.py:839} INFO - DAG(s) dict_keys(['example_xcom_args', 'example_xcom_args_with_operators']) retrieved from /home/ubuntu/airflow_slack_venv/lib/python3.10/site-packages/airflow/example_dags/example_xcomargs.py
[2023-11-16T19:52:11.044+0000] {logging_mixin.py:154} INFO - [2023-11-16T19:52:11.044+0000] {dag.py:2941} INFO - Sync 2 DAGs
[2023-11-16T19:52:11.057+0000] {logging_mixin.py:154} INFO - [2023-11-16T19:52:11.056+0000] {dag.py:3722} INFO - Setting next_dagrun for example_xcom_args to None, run_after=None
[2023-11-16T19:52:11.061+0000] {logging_mixin.py:154} INFO - [2023-11-16T19:52:11.061+0000] {dag.py:3722} INFO - Setting next_dagrun for example_xcom_args_with_operators to None, run_after=None
[2023-11-16T19:52:11.081+0000] {processor.py:179} INFO - Processing /home/ubuntu/airflow_slack_venv/lib/python3.10/site-packages/airflow/example_dags/example_xcomargs.py took 0.075 seconds
