[2023-11-16T19:51:43.665+0000] {processor.py:157} INFO - Started process (PID=4105) to work on /home/ubuntu/airflow_slack_venv/lib/python3.10/site-packages/airflow/example_dags/example_python_operator.py
[2023-11-16T19:51:43.666+0000] {processor.py:829} INFO - Processing file /home/ubuntu/airflow_slack_venv/lib/python3.10/site-packages/airflow/example_dags/example_python_operator.py for tasks to queue
[2023-11-16T19:51:43.667+0000] {logging_mixin.py:154} INFO - [2023-11-16T19:51:43.666+0000] {dagbag.py:536} INFO - Filling up the DagBag from /home/ubuntu/airflow_slack_venv/lib/python3.10/site-packages/airflow/example_dags/example_python_operator.py
[2023-11-16T19:51:43.676+0000] {logging_mixin.py:154} INFO - [2023-11-16T19:51:43.676+0000] {example_python_operator.py:86} WARNING - The virtalenv_python example task requires virtualenv, please install it.
[2023-11-16T19:51:43.676+0000] {processor.py:839} INFO - DAG(s) dict_keys(['example_python_operator']) retrieved from /home/ubuntu/airflow_slack_venv/lib/python3.10/site-packages/airflow/example_dags/example_python_operator.py
[2023-11-16T19:51:43.790+0000] {logging_mixin.py:154} INFO - [2023-11-16T19:51:43.790+0000] {manager.py:499} INFO - Created Permission View: %s
[2023-11-16T19:51:43.804+0000] {logging_mixin.py:154} INFO - [2023-11-16T19:51:43.804+0000] {manager.py:499} INFO - Created Permission View: %s
[2023-11-16T19:51:43.814+0000] {logging_mixin.py:154} INFO - [2023-11-16T19:51:43.814+0000] {manager.py:499} INFO - Created Permission View: %s
[2023-11-16T19:51:43.815+0000] {logging_mixin.py:154} INFO - [2023-11-16T19:51:43.815+0000] {dag.py:2941} INFO - Sync 1 DAGs
[2023-11-16T19:51:43.827+0000] {logging_mixin.py:154} INFO - [2023-11-16T19:51:43.826+0000] {dag.py:2963} INFO - Creating ORM DAG for example_python_operator
[2023-11-16T19:51:43.827+0000] {logging_mixin.py:154} INFO - [2023-11-16T19:51:43.827+0000] {dag.py:3722} INFO - Setting next_dagrun for example_python_operator to None, run_after=None
[2023-11-16T19:51:43.856+0000] {processor.py:179} INFO - Processing /home/ubuntu/airflow_slack_venv/lib/python3.10/site-packages/airflow/example_dags/example_python_operator.py took 0.194 seconds
[2023-11-16T19:52:32.111+0000] {processor.py:157} INFO - Started process (PID=4154) to work on /home/ubuntu/airflow_slack_venv/lib/python3.10/site-packages/airflow/example_dags/example_python_operator.py
[2023-11-16T19:52:32.112+0000] {processor.py:829} INFO - Processing file /home/ubuntu/airflow_slack_venv/lib/python3.10/site-packages/airflow/example_dags/example_python_operator.py for tasks to queue
[2023-11-16T19:52:32.113+0000] {logging_mixin.py:154} INFO - [2023-11-16T19:52:32.112+0000] {dagbag.py:536} INFO - Filling up the DagBag from /home/ubuntu/airflow_slack_venv/lib/python3.10/site-packages/airflow/example_dags/example_python_operator.py
[2023-11-16T19:52:32.122+0000] {logging_mixin.py:154} INFO - [2023-11-16T19:52:32.122+0000] {example_python_operator.py:86} WARNING - The virtalenv_python example task requires virtualenv, please install it.
[2023-11-16T19:52:32.123+0000] {processor.py:839} INFO - DAG(s) dict_keys(['example_python_operator']) retrieved from /home/ubuntu/airflow_slack_venv/lib/python3.10/site-packages/airflow/example_dags/example_python_operator.py
[2023-11-16T19:52:32.149+0000] {logging_mixin.py:154} INFO - [2023-11-16T19:52:32.149+0000] {dag.py:2941} INFO - Sync 1 DAGs
[2023-11-16T19:52:32.162+0000] {logging_mixin.py:154} INFO - [2023-11-16T19:52:32.162+0000] {dag.py:3722} INFO - Setting next_dagrun for example_python_operator to None, run_after=None
[2023-11-16T19:52:32.212+0000] {processor.py:179} INFO - Processing /home/ubuntu/airflow_slack_venv/lib/python3.10/site-packages/airflow/example_dags/example_python_operator.py took 0.105 seconds
