[2023-11-16T19:52:01.492+0000] {processor.py:157} INFO - Started process (PID=4120) to work on /home/ubuntu/airflow_slack_venv/lib/python3.10/site-packages/airflow/example_dags/example_branch_datetime_operator.py
[2023-11-16T19:52:01.493+0000] {processor.py:829} INFO - Processing file /home/ubuntu/airflow_slack_venv/lib/python3.10/site-packages/airflow/example_dags/example_branch_datetime_operator.py for tasks to queue
[2023-11-16T19:52:01.494+0000] {logging_mixin.py:154} INFO - [2023-11-16T19:52:01.494+0000] {dagbag.py:536} INFO - Filling up the DagBag from /home/ubuntu/airflow_slack_venv/lib/python3.10/site-packages/airflow/example_dags/example_branch_datetime_operator.py
[2023-11-16T19:52:01.505+0000] {processor.py:839} INFO - DAG(s) dict_keys(['example_branch_datetime_operator_3', 'example_branch_datetime_operator', 'example_branch_datetime_operator_2']) retrieved from /home/ubuntu/airflow_slack_venv/lib/python3.10/site-packages/airflow/example_dags/example_branch_datetime_operator.py
[2023-11-16T19:52:01.617+0000] {logging_mixin.py:154} INFO - [2023-11-16T19:52:01.617+0000] {manager.py:499} INFO - Created Permission View: %s
[2023-11-16T19:52:01.631+0000] {logging_mixin.py:154} INFO - [2023-11-16T19:52:01.631+0000] {manager.py:499} INFO - Created Permission View: %s
[2023-11-16T19:52:01.642+0000] {logging_mixin.py:154} INFO - [2023-11-16T19:52:01.642+0000] {manager.py:499} INFO - Created Permission View: %s
[2023-11-16T19:52:01.670+0000] {logging_mixin.py:154} INFO - [2023-11-16T19:52:01.669+0000] {manager.py:499} INFO - Created Permission View: %s
[2023-11-16T19:52:01.681+0000] {logging_mixin.py:154} INFO - [2023-11-16T19:52:01.680+0000] {manager.py:499} INFO - Created Permission View: %s
[2023-11-16T19:52:01.690+0000] {logging_mixin.py:154} INFO - [2023-11-16T19:52:01.690+0000] {manager.py:499} INFO - Created Permission View: %s
[2023-11-16T19:52:01.714+0000] {logging_mixin.py:154} INFO - [2023-11-16T19:52:01.713+0000] {manager.py:499} INFO - Created Permission View: %s
[2023-11-16T19:52:01.724+0000] {logging_mixin.py:154} INFO - [2023-11-16T19:52:01.724+0000] {manager.py:499} INFO - Created Permission View: %s
[2023-11-16T19:52:01.734+0000] {logging_mixin.py:154} INFO - [2023-11-16T19:52:01.734+0000] {manager.py:499} INFO - Created Permission View: %s
[2023-11-16T19:52:01.735+0000] {logging_mixin.py:154} INFO - [2023-11-16T19:52:01.734+0000] {dag.py:2941} INFO - Sync 3 DAGs
[2023-11-16T19:52:01.748+0000] {logging_mixin.py:154} INFO - [2023-11-16T19:52:01.747+0000] {dag.py:2963} INFO - Creating ORM DAG for example_branch_datetime_operator_2
[2023-11-16T19:52:01.748+0000] {logging_mixin.py:154} INFO - [2023-11-16T19:52:01.748+0000] {dag.py:2963} INFO - Creating ORM DAG for example_branch_datetime_operator
[2023-11-16T19:52:01.749+0000] {logging_mixin.py:154} INFO - [2023-11-16T19:52:01.748+0000] {dag.py:2963} INFO - Creating ORM DAG for example_branch_datetime_operator_3
[2023-11-16T19:52:01.760+0000] {logging_mixin.py:154} INFO - [2023-11-16T19:52:01.759+0000] {dag.py:3722} INFO - Setting next_dagrun for example_branch_datetime_operator to 2023-11-15T00:00:00+00:00, run_after=2023-11-16T00:00:00+00:00
[2023-11-16T19:52:01.762+0000] {logging_mixin.py:154} INFO - [2023-11-16T19:52:01.762+0000] {dag.py:3722} INFO - Setting next_dagrun for example_branch_datetime_operator_2 to 2023-11-15T00:00:00+00:00, run_after=2023-11-16T00:00:00+00:00
[2023-11-16T19:52:01.764+0000] {logging_mixin.py:154} INFO - [2023-11-16T19:52:01.764+0000] {dag.py:3722} INFO - Setting next_dagrun for example_branch_datetime_operator_3 to 2023-11-15T00:00:00+00:00, run_after=2023-11-16T00:00:00+00:00
[2023-11-16T19:52:01.788+0000] {processor.py:179} INFO - Processing /home/ubuntu/airflow_slack_venv/lib/python3.10/site-packages/airflow/example_dags/example_branch_datetime_operator.py took 0.299 seconds
