[2023-11-16T19:51:39.731+0000] {processor.py:157} INFO - Started process (PID=4102) to work on /home/ubuntu/airflow_slack_venv/lib/python3.10/site-packages/airflow/example_dags/example_subdag_operator.py
[2023-11-16T19:51:39.731+0000] {processor.py:829} INFO - Processing file /home/ubuntu/airflow_slack_venv/lib/python3.10/site-packages/airflow/example_dags/example_subdag_operator.py for tasks to queue
[2023-11-16T19:51:39.732+0000] {logging_mixin.py:154} INFO - [2023-11-16T19:51:39.732+0000] {dagbag.py:536} INFO - Filling up the DagBag from /home/ubuntu/airflow_slack_venv/lib/python3.10/site-packages/airflow/example_dags/example_subdag_operator.py
[2023-11-16T19:51:39.757+0000] {processor.py:839} INFO - DAG(s) dict_keys(['example_subdag_operator.section-1', 'example_subdag_operator.section-2', 'example_subdag_operator']) retrieved from /home/ubuntu/airflow_slack_venv/lib/python3.10/site-packages/airflow/example_dags/example_subdag_operator.py
[2023-11-16T19:51:39.870+0000] {logging_mixin.py:154} INFO - [2023-11-16T19:51:39.869+0000] {manager.py:499} INFO - Created Permission View: %s
[2023-11-16T19:51:39.883+0000] {logging_mixin.py:154} INFO - [2023-11-16T19:51:39.883+0000] {manager.py:499} INFO - Created Permission View: %s
[2023-11-16T19:51:39.893+0000] {logging_mixin.py:154} INFO - [2023-11-16T19:51:39.893+0000] {manager.py:499} INFO - Created Permission View: %s
[2023-11-16T19:51:39.893+0000] {logging_mixin.py:154} INFO - [2023-11-16T19:51:39.893+0000] {dag.py:2941} INFO - Sync 3 DAGs
[2023-11-16T19:51:39.905+0000] {logging_mixin.py:154} INFO - [2023-11-16T19:51:39.905+0000] {dag.py:2963} INFO - Creating ORM DAG for example_subdag_operator.section-1
[2023-11-16T19:51:39.906+0000] {logging_mixin.py:154} INFO - [2023-11-16T19:51:39.905+0000] {dag.py:2963} INFO - Creating ORM DAG for example_subdag_operator
[2023-11-16T19:51:39.906+0000] {logging_mixin.py:154} INFO - [2023-11-16T19:51:39.906+0000] {dag.py:2963} INFO - Creating ORM DAG for example_subdag_operator.section-2
[2023-11-16T19:51:39.915+0000] {logging_mixin.py:154} INFO - [2023-11-16T19:51:39.915+0000] {dag.py:3722} INFO - Setting next_dagrun for example_subdag_operator to 2022-01-01T00:00:00+00:00, run_after=2022-01-01T00:00:00+00:00
[2023-11-16T19:51:39.915+0000] {logging_mixin.py:154} INFO - [2023-11-16T19:51:39.915+0000] {dag.py:3722} INFO - Setting next_dagrun for example_subdag_operator.section-1 to None, run_after=None
[2023-11-16T19:51:39.916+0000] {logging_mixin.py:154} INFO - [2023-11-16T19:51:39.916+0000] {dag.py:3722} INFO - Setting next_dagrun for example_subdag_operator.section-2 to None, run_after=None
[2023-11-16T19:51:39.922+0000] {logging_mixin.py:154} INFO - [2023-11-16T19:51:39.922+0000] {dag.py:2941} INFO - Sync 2 DAGs
[2023-11-16T19:51:39.927+0000] {logging_mixin.py:154} INFO - [2023-11-16T19:51:39.927+0000] {dag.py:3722} INFO - Setting next_dagrun for example_subdag_operator.section-1 to None, run_after=None
[2023-11-16T19:51:39.931+0000] {logging_mixin.py:154} INFO - [2023-11-16T19:51:39.931+0000] {dag.py:3722} INFO - Setting next_dagrun for example_subdag_operator.section-2 to None, run_after=None
[2023-11-16T19:51:39.949+0000] {processor.py:179} INFO - Processing /home/ubuntu/airflow_slack_venv/lib/python3.10/site-packages/airflow/example_dags/example_subdag_operator.py took 0.222 seconds
[2023-11-16T19:52:29.312+0000] {processor.py:157} INFO - Started process (PID=4151) to work on /home/ubuntu/airflow_slack_venv/lib/python3.10/site-packages/airflow/example_dags/example_subdag_operator.py
[2023-11-16T19:52:29.314+0000] {processor.py:829} INFO - Processing file /home/ubuntu/airflow_slack_venv/lib/python3.10/site-packages/airflow/example_dags/example_subdag_operator.py for tasks to queue
[2023-11-16T19:52:29.314+0000] {logging_mixin.py:154} INFO - [2023-11-16T19:52:29.314+0000] {dagbag.py:536} INFO - Filling up the DagBag from /home/ubuntu/airflow_slack_venv/lib/python3.10/site-packages/airflow/example_dags/example_subdag_operator.py
[2023-11-16T19:52:29.337+0000] {processor.py:839} INFO - DAG(s) dict_keys(['example_subdag_operator.section-1', 'example_subdag_operator.section-2', 'example_subdag_operator']) retrieved from /home/ubuntu/airflow_slack_venv/lib/python3.10/site-packages/airflow/example_dags/example_subdag_operator.py
[2023-11-16T19:52:29.354+0000] {logging_mixin.py:154} INFO - [2023-11-16T19:52:29.353+0000] {dag.py:2941} INFO - Sync 3 DAGs
[2023-11-16T19:52:29.375+0000] {logging_mixin.py:154} INFO - [2023-11-16T19:52:29.374+0000] {dag.py:3722} INFO - Setting next_dagrun for example_subdag_operator to 2022-01-01T00:00:00+00:00, run_after=2022-01-01T00:00:00+00:00
[2023-11-16T19:52:29.378+0000] {logging_mixin.py:154} INFO - [2023-11-16T19:52:29.378+0000] {dag.py:3722} INFO - Setting next_dagrun for example_subdag_operator.section-1 to None, run_after=None
[2023-11-16T19:52:29.379+0000] {logging_mixin.py:154} INFO - [2023-11-16T19:52:29.379+0000] {dag.py:3722} INFO - Setting next_dagrun for example_subdag_operator.section-2 to None, run_after=None
[2023-11-16T19:52:29.385+0000] {logging_mixin.py:154} INFO - [2023-11-16T19:52:29.384+0000] {dag.py:2941} INFO - Sync 2 DAGs
[2023-11-16T19:52:29.389+0000] {logging_mixin.py:154} INFO - [2023-11-16T19:52:29.389+0000] {dag.py:3722} INFO - Setting next_dagrun for example_subdag_operator.section-1 to None, run_after=None
[2023-11-16T19:52:29.389+0000] {logging_mixin.py:154} INFO - [2023-11-16T19:52:29.389+0000] {dag.py:3722} INFO - Setting next_dagrun for example_subdag_operator.section-2 to None, run_after=None
[2023-11-16T19:52:29.404+0000] {processor.py:179} INFO - Processing /home/ubuntu/airflow_slack_venv/lib/python3.10/site-packages/airflow/example_dags/example_subdag_operator.py took 0.095 seconds
