Experiment 'pythonPromptNewFormatterExt' is active
Experiment 'pythonPromptNewToolsExt' is active
Experiment 'pythonREPLSmartSend' is active
Experiment 'pythonSurveyNotification' is active
Experiment 'pythonTestAdaptercf' is active
LSP Notebooks experiment is enabled
LSP Notebooks interactive window support is enabled
> conda info --json
> /opt/local/bin/python ./.vscode-server/extensions/ms-python.python-2022.18.2/pythonFiles/get_output_via_markers.py ./.vscode-server/extensions/ms-python.python-2022.18.2/pythonFiles/interpreterInfo.py
[ERROR 2023-10-16 19:55:15.191]: [Error: Command failed: /opt/local/bin/python /home/ubuntu/.vscode-server/extensions/ms-python.python-2022.18.2/pythonFiles/get_output_via_markers.py /home/ubuntu/.vscode-server/extensions/ms-python.python-2022.18.2/pythonFiles/interpreterInfo.py
/bin/sh: 1: /opt/local/bin/python: not found

	at ChildProcess.exithandler (node:child_process:399:12)
	at ChildProcess.emit (node:events:526:28)
	at maybeClose (node:internal/child_process:1092:16)
	at Socket.<anonymous> (node:internal/child_process:451:11)
	at Socket.emit (node:events:526:28)
	at Pipe.<anonymous> (node:net:687:12)] {
  killed: false,
  code: 127,
  signal: null,
  cmd: '/opt/local/bin/python /home/ubuntu/.vscode-server/extensions/ms-python.python-2022.18.2/pythonFiles/get_output_via_markers.py /home/ubuntu/.vscode-server/extensions/ms-python.python-2022.18.2/pythonFiles/interpreterInfo.py'
}
> ./airflow_slack_venv/bin/python ./.vscode-server/extensions/ms-python.python-2022.18.2/pythonFiles/get_output_via_markers.py ./.vscode-server/extensions/ms-python.python-2022.18.2/pythonFiles/interpreterInfo.py
> /bin/python3 ./.vscode-server/extensions/ms-python.python-2022.18.2/pythonFiles/get_output_via_markers.py ./.vscode-server/extensions/ms-python.python-2022.18.2/pythonFiles/interpreterInfo.py
> /usr/bin/python3 ./.vscode-server/extensions/ms-python.python-2022.18.2/pythonFiles/get_output_via_markers.py ./.vscode-server/extensions/ms-python.python-2022.18.2/pythonFiles/interpreterInfo.py
Starting Pylance language server.
Python interpreter path: ./airflow_slack_venv/bin/python
DAP Server launched with command: /home/ubuntu/airflow_slack_venv/bin/python /home/ubuntu/.vscode-server/extensions/ms-python.python-2022.18.2/pythonFiles/lib/python/debugpy/adapter
DAP Server launched with command: /home/ubuntu/airflow_slack_venv/bin/python /home/ubuntu/.vscode-server/extensions/ms-python.python-2022.18.2/pythonFiles/lib/python/debugpy/adapter
DAP Server launched with command: /home/ubuntu/airflow_slack_venv/bin/python /home/ubuntu/.vscode-server/extensions/ms-python.python-2022.18.2/pythonFiles/lib/python/debugpy/adapter
DAP Server launched with command: /home/ubuntu/airflow_slack_venv/bin/python /home/ubuntu/.vscode-server/extensions/ms-python.python-2022.18.2/pythonFiles/lib/python/debugpy/adapter
DAP Server launched with command: /home/ubuntu/airflow_slack_venv/bin/python /home/ubuntu/.vscode-server/extensions/ms-python.python-2022.18.2/pythonFiles/lib/python/debugpy/adapter
